0 info it worked if it ends with ok
1 verbose cli [ '/usr/local/bin/node', '/usr/local/bin/npm', 'run', 'start' ]
2 info using npm@1.3.24
3 info using node@v0.10.25
4 verbose run-script [ 'prestart', 'start', 'poststart' ]
5 info prestart owari@1.0.0
6 info start owari@1.0.0
7 verbose unsafe-perm in lifecycle true
8 info owari@1.0.0 Failed to exec start script
9 error owari@1.0.0 start: `node scripts/server.js`
9 error Exit status 8
10 error Failed at the owari@1.0.0 start script.
10 error This is most likely a problem with the owari package,
10 error not with npm itself.
10 error Tell the author that this fails on your system:
10 error     node scripts/server.js
10 error You can get their info via:
10 error     npm owner ls owari
10 error There is likely additional logging output above.
11 error System Linux 2.6.32-5-amd64
12 error command "/usr/local/bin/node" "/usr/local/bin/npm" "run" "start"
13 error cwd /home/t14360rk/public_html/owari
14 error node -v v0.10.25
15 error npm -v 1.3.24
16 error code ELIFECYCLE
17 verbose exit [ 1, true ]
